 
**************************************************
Report : dont_touch
Design : FFT_PAD
Version: L-2016.03-SP5-5
Date   : Sun Nov 22 19:57:53 2020
**************************************************

Description for Cell dont_touch Types:
  inh_ref          -  Cell inherits dont_touch from reference design or library cell
Description for Net dont_touch Types:
  user             -  Net has explicit dont_touch attribute


Object                                           Class       Types
--------------------------------------------------------------------------------
pad1                                             cell        inh_ref
pad2                                             cell        inh_ref
pad3                                             cell        inh_ref
pad4                                             cell        inh_ref
pad5                                             cell        inh_ref
pad6                                             cell        inh_ref
pad7                                             cell        inh_ref
pad8                                             cell        inh_ref
pad9                                             cell        inh_ref
pad10                                            cell        inh_ref
pad11                                            cell        inh_ref
pad12                                            cell        inh_ref
pad13                                            cell        inh_ref
pad14                                            cell        inh_ref
pad15                                            cell        inh_ref
pad16                                            cell        inh_ref
pad17                                            cell        inh_ref
pad18                                            cell        inh_ref
pad19                                            cell        inh_ref
pad20                                            cell        inh_ref
pad21                                            cell        inh_ref
pad22                                            cell        inh_ref
pad23                                            cell        inh_ref
pad24                                            cell        inh_ref
pad25                                            cell        inh_ref
pad26                                            cell        inh_ref
pad27                                            cell        inh_ref
pad28                                            cell        inh_ref
pad29                                            cell        inh_ref
pad30                                            cell        inh_ref
pad31                                            cell        inh_ref
pad32                                            cell        inh_ref
pad34                                            cell        inh_ref
pad35                                            cell        inh_ref
pad36                                            cell        inh_ref
pad37                                            cell        inh_ref
pad38                                            cell        inh_ref
pad39                                            cell        inh_ref
pad40                                            cell        inh_ref
pad41                                            cell        inh_ref
pad42                                            cell        inh_ref
pad43                                            cell        inh_ref
pad44                                            cell        inh_ref
pad45                                            cell        inh_ref
pad46                                            cell        inh_ref
pad47                                            cell        inh_ref
pad48                                            cell        inh_ref
pad49                                            cell        inh_ref
pad50                                            cell        inh_ref
pad51                                            cell        inh_ref
pad52                                            cell        inh_ref
pad53                                            cell        inh_ref
pad54                                            cell        inh_ref
pad55                                            cell        inh_ref
pad56                                            cell        inh_ref
pad57                                            cell        inh_ref
pad58                                            cell        inh_ref
pad59                                            cell        inh_ref
pad60                                            cell        inh_ref
pad61                                            cell        inh_ref
pad62                                            cell        inh_ref
pad63                                            cell        inh_ref
pad64                                            cell        inh_ref
pad65                                            cell        inh_ref
pad66                                            cell        inh_ref
pad67                                            cell        inh_ref
pad68                                            cell        inh_ref
pad69                                            cell        inh_ref
pad70                                            cell        inh_ref
pad71                                            cell        inh_ref
pad72                                            cell        inh_ref
pad73                                            cell        inh_ref
pad74                                            cell        inh_ref
pad75                                            cell        inh_ref
pad76                                            cell        inh_ref
pad77                                            cell        inh_ref
pad78                                            cell        inh_ref
pad79                                            cell        inh_ref
pad80                                            cell        inh_ref
pad81                                            cell        inh_ref
pad82                                            cell        inh_ref
pad83                                            cell        inh_ref
pad84                                            cell        inh_ref
pad85                                            cell        inh_ref
pad86                                            cell        inh_ref
pad87                                            cell        inh_ref
pad88                                            cell        inh_ref
pad89                                            cell        inh_ref
pad90                                            cell        inh_ref
pad91                                            cell        inh_ref
pad92                                            cell        inh_ref
pad93                                            cell        inh_ref
pad94                                            cell        inh_ref
pad95                                            cell        inh_ref
pad96                                            cell        inh_ref
pad97                                            cell        inh_ref
pad98                                            cell        inh_ref
pad99                                            cell        inh_ref
pad100                                           cell        inh_ref
pad101                                           cell        inh_ref
pad102                                           cell        inh_ref
pad103                                           cell        inh_ref
pad104                                           cell        inh_ref
pad105                                           cell        inh_ref
pad106                                           cell        inh_ref
pad107                                           cell        inh_ref
pad108                                           cell        inh_ref
pad109                                           cell        inh_ref
pad110                                           cell        inh_ref
pad111                                           cell        inh_ref
pad112                                           cell        inh_ref
pad113                                           cell        inh_ref
pad114                                           cell        inh_ref
pad115                                           cell        inh_ref
pad116                                           cell        inh_ref
pad117                                           cell        inh_ref
pad118                                           cell        inh_ref
pad119                                           cell        inh_ref
pad120                                           cell        inh_ref
pad121                                           cell        inh_ref
pad122                                           cell        inh_ref
pad123                                           cell        inh_ref
pad124                                           cell        inh_ref
pad125                                           cell        inh_ref
pad126                                           cell        inh_ref
pad127                                           cell        inh_ref
pad128                                           cell        inh_ref
pad129                                           cell        inh_ref
pad130                                           cell        inh_ref
pad131                                           cell        inh_ref
pad132                                           cell        inh_ref
pad133                                           cell        inh_ref
pad134                                           cell        inh_ref
pad135                                           cell        inh_ref
pad136                                           cell        inh_ref
pad137                                           cell        inh_ref
pad138                                           cell        inh_ref
pad139                                           cell        inh_ref
pad140                                           cell        inh_ref
pad141                                           cell        inh_ref
pad142                                           cell        inh_ref
pad143                                           cell        inh_ref
pad144                                           cell        inh_ref
pad145                                           cell        inh_ref
pad146                                           cell        inh_ref
pad147                                           cell        inh_ref
pad148                                           cell        inh_ref
pad149                                           cell        inh_ref
pad150                                           cell        inh_ref
pad151                                           cell        inh_ref
pad152                                           cell        inh_ref
pad153                                           cell        inh_ref
pad154                                           cell        inh_ref
pad155                                           cell        inh_ref
pad156                                           cell        inh_ref
pad157                                           cell        inh_ref
pad158                                           cell        inh_ref
pad159                                           cell        inh_ref
pad160                                           cell        inh_ref
pad161                                           cell        inh_ref
pad162                                           cell        inh_ref
pad163                                           cell        inh_ref
pad164                                           cell        inh_ref
pad165                                           cell        inh_ref
pad166                                           cell        inh_ref
pad167                                           cell        inh_ref
pad168                                           cell        inh_ref
pad169                                           cell        inh_ref
pad170                                           cell        inh_ref
pad171                                           cell        inh_ref
pad172                                           cell        inh_ref
pad173                                           cell        inh_ref
pad174                                           cell        inh_ref
pad175                                           cell        inh_ref
pad176                                           cell        inh_ref
pad177                                           cell        inh_ref
pad178                                           cell        inh_ref
pad179                                           cell        inh_ref
pad180                                           cell        inh_ref
pad181                                           cell        inh_ref
pad182                                           cell        inh_ref
pad183                                           cell        inh_ref
pad184                                           cell        inh_ref
pad185                                           cell        inh_ref
pad186                                           cell        inh_ref
pad187                                           cell        inh_ref
pad188                                           cell        inh_ref
pad189                                           cell        inh_ref
pad190                                           cell        inh_ref
pad191                                           cell        inh_ref
pad192                                           cell        inh_ref
pad193                                           cell        inh_ref
pad194                                           cell        inh_ref
pad195                                           cell        inh_ref
pad196                                           cell        inh_ref
pad197                                           cell        inh_ref
pad198                                           cell        inh_ref
pad199                                           cell        inh_ref
pad200                                           cell        inh_ref
pad201                                           cell        inh_ref
pad202                                           cell        inh_ref
pad203                                           cell        inh_ref
pad204                                           cell        inh_ref
pad205                                           cell        inh_ref
pad206                                           cell        inh_ref
pad207                                           cell        inh_ref
pad208                                           cell        inh_ref
i_CLK                                            net         user
i_RSTN                                           net         user
i_VALID                                          net         user
i_DATA_REAL[11]                                  net         user
i_DATA_REAL[10]                                  net         user
i_DATA_REAL[9]                                   net         user
i_DATA_REAL[8]                                   net         user
i_DATA_REAL[7]                                   net         user
i_DATA_REAL[6]                                   net         user
i_DATA_REAL[5]                                   net         user
i_DATA_REAL[4]                                   net         user
i_DATA_REAL[3]                                   net         user
i_DATA_REAL[2]                                   net         user
i_DATA_REAL[1]                                   net         user
i_DATA_REAL[0]                                   net         user
i_DATA_IMAG[11]                                  net         user
i_DATA_IMAG[10]                                  net         user
i_DATA_IMAG[9]                                   net         user
i_DATA_IMAG[8]                                   net         user
i_DATA_IMAG[7]                                   net         user
i_DATA_IMAG[6]                                   net         user
i_DATA_IMAG[5]                                   net         user
i_DATA_IMAG[4]                                   net         user
i_DATA_IMAG[3]                                   net         user
i_DATA_IMAG[2]                                   net         user
i_DATA_IMAG[1]                                   net         user
i_DATA_IMAG[0]                                   net         user
o_VALID                                          net         user
o_DATA_REAL[15]                                  net         user
o_DATA_REAL[14]                                  net         user
o_DATA_REAL[13]                                  net         user
o_DATA_REAL[12]                                  net         user
o_DATA_REAL[11]                                  net         user
o_DATA_REAL[10]                                  net         user
o_DATA_REAL[9]                                   net         user
o_DATA_REAL[8]                                   net         user
o_DATA_REAL[7]                                   net         user
o_DATA_REAL[6]                                   net         user
o_DATA_REAL[5]                                   net         user
o_DATA_REAL[4]                                   net         user
o_DATA_REAL[3]                                   net         user
o_DATA_REAL[2]                                   net         user
o_DATA_REAL[1]                                   net         user
o_DATA_REAL[0]                                   net         user
o_DATA_IMAG[11]                                  net         user
o_DATA_IMAG[10]                                  net         user
o_DATA_IMAG[9]                                   net         user
o_DATA_IMAG[8]                                   net         user
o_DATA_IMAG[7]                                   net         user
o_DATA_IMAG[6]                                   net         user
o_DATA_IMAG[5]                                   net         user
o_DATA_IMAG[4]                                   net         user
o_DATA_IMAG[3]                                   net         user
o_DATA_IMAG[2]                                   net         user
o_DATA_IMAG[1]                                   net         user
o_DATA_IMAG[0]                                   net         user
--------------------------------------------------------------------------------
Total 207 dont_touch cells
Total 56 dont_touch nets
1
