 
****************************************
Report : area
Design : FFT_PAD
Version: L-2016.03-SP5-5
Date   : Sun Nov 22 19:57:53 2020
****************************************

Library(s) Used:

    scmetro_cmos10lp_hvt_ss_1p08v_125c_sadhm (File: /Tools/Library/samsung65_2016/CB_1502/PRIMITIVE/sec100226_0043_SS65LP_Normal_HVT_Normal_FE_Common_N/synopsys/scmetro_cmos10lp_hvt_ss_1p08v_125c_sadhm.db)
    scmetro_cmos10lp_rvt_ss_1p08v_125c_sadhm (File: /Tools/Library/samsung65_2016/CB_1502/PRIMITIVE/sec100226_0042_SS65LP_Normal_RVT_Normal_FE_Common_N/synopsys/scmetro_cmos10lp_rvt_ss_1p08v_125c_sadhm.db)
    ss65lp3p3v_wst_108_300_p125 (File: /Tools/Library/samsung65_2016/CB_1502/IO/synopsys/ss65lp3p3v_wst_108_300_p125.db)

Number of ports:                         4302
Number of nets:                         25407
Number of cells:                        20841
Number of combinational cells:          18300
Number of sequential cells:              2333
Number of macros/black boxes:             168
Number of buf/inv:                       3139
Number of references:                       9

Combinational area:              57402.560233
Buf/Inv area:                     3636.479932
Noncombinational area:           24328.960612
Macro/Black Box area:                0.000000
Net Interconnect area:      undefined  (No wire load specified)

Total cell area:                 81731.520845
Total area:                 undefined
1
