 
****************************************
Report : reference
Design : FFT_PAD
Version: L-2016.03-SP5-5
Date   : Sun Nov 22 19:57:53 2020
****************************************

Attributes:
    b - black box (unknown)
   bo - allows boundary optimization
    d - dont_touch
   mo - map_only
    h - hierarchical
    n - noncombinational
    r - removable
    s - synthetic operator
    u - contains unmapped logic

Reference          Library       Unit Area   Count    Total Area   Attributes
-----------------------------------------------------------------------------
FFT                           81731.520845       1  81731.520845  h, n
ec_breakv          ss65lp3p3v_wst_108_300_p125
                                  0.000000      39      0.000000  d
pvhbcudtart        ss65lp3p3v_wst_108_300_p125
                                  0.000000       3      0.000000  d, n
pvhbcudtbrt        ss65lp3p3v_wst_108_300_p125
                                  0.000000      56      0.000000  d, n
pvhbsudtbrt        ss65lp3p3v_wst_108_300_p125
                                  0.000000       1      0.000000  d, n
vddivh             ss65lp3p3v_wst_108_300_p125
                                  0.000000      30      0.000000  b, d
vddtvh             ss65lp3p3v_wst_108_300_p125
                                  0.000000      10      0.000000  b, d
vssipvh            ss65lp3p3v_wst_108_300_p125
                                  0.000000      34      0.000000  b, d
vsstvh             ss65lp3p3v_wst_108_300_p125
                                  0.000000      34      0.000000  b, d
-----------------------------------------------------------------------------
Total 9 references                                  81731.520845
1
